<?xml version="1.0" encoding="UTF-8"?>
<!-- Generated by org.testng.reporters.JUnitReportReporter -->
<testsuite skipped="0" hostname="DESKTOP-3G93UIS" name="test.LoginTest" tests="1" failures="0" timestamp="29 Dec 2022 21:51:15 GMT" time="4.006" errors="0">
  <testcase name="validUserShouldBeAbleToLogin" time="4.006" classname="test.LoginTest"/>
</testsuite> <!-- test.LoginTest -->
